<?xml version="1.0" encoding="UTF-8"?>
<testsuite xmlns:xsi="http://www.w3.org/2001/XMLSchema-instance" xsi:noNamespaceSchemaLocation="https://maven.apache.org/surefire/maven-surefire-plugin/xsd/surefire-test-report-3.0.xsd" version="3.0" name="com.example.CalculadoraTest" time="0.078" tests="13" errors="0" skipped="0" failures="0">
  <properties>
[...]
</properties>
  <testcase name="testSumaRecursivaConValorNueve" classname="com.example.CalculadoraTest" time="0.016"/>
  <testcase name="testSumaRecursivaConOtroValorNegativo" classname="com.example.CalculadoraTest" time="0.001"/>
  <testcase name="testSumaRecursivaConValorNegativo" classname="com.example.CalculadoraTest" time="0.001"/>
  <testcase name="testSumaRecursivaConValorCuatro" classname="com.example.CalculadoraTest" time="0.001"/>
  <testcase name="testSumaRecursivaConValorGrande" classname="com.example.CalculadoraTest" time="0.001"/>
  <testcase name="testSumaRecursivaCsvSource(int, int)[1]" classname="com.example.CalculadoraTest" time="0.012"/>
  <testcase name="testSumaRecursivaCsvSource(int, int)[2]" classname="com.example.CalculadoraTest" time="0.001"/>
  <testcase name="testSumaRecursivaCsvSource(int, int)[3]" classname="com.example.CalculadoraTest" time="0.001"/>
  <testcase name="testSumaRecursivaCsvSource(int, int)[4]" classname="com.example.CalculadoraTest" time="0.001"/>
  <testcase name="testSumaRecursivaCsvSource(int, int)[5]" classname="com.example.CalculadoraTest" time="0.0"/>
  <testcase name="testSumaRecursivaCsvSource(int, int)[6]" classname="com.example.CalculadoraTest" time="0.0"/>
  <testcase name="testSumaRecursivaCsvSource(int, int)[7]" classname="com.example.CalculadoraTest" time="0.001"/>
  <testcase name="testSumaRecursivaCsvSource(int, int)[8]" classname="com.example.CalculadoraTest" time="0.0"/>
</testsuite>